<?xml version="1.0" encoding="UTF-8"?>
<testng-results ignored="0" total="1" passed="1" failed="0" skipped="0">
  <reporter-output>
  </reporter-output>
  <suite started-at="2024-05-04T23:45:38 EEST" name="Gradle suite" finished-at="2024-05-04T23:45:42 EEST" duration-ms="4131">
    <groups>
    </groups>
    <test started-at="2024-05-04T23:45:38 EEST" name="Gradle test" finished-at="2024-05-04T23:45:42 EEST" duration-ms="4131">
      <class name="com.test.LoginTest">
        <test-method is-config="true" signature="setup()[pri:0, instance:com.test.LoginTest@1da2cb77]" started-at="2024-05-04T23:45:38 EEST" name="setup" finished-at="2024-05-04T23:45:42 EEST" duration-ms="3587" status="PASS">
          <reporter-output>
          </reporter-output>
        </test-method> <!-- setup -->
        <test-method signature="executeLoginTest()[pri:0, instance:com.test.LoginTest@1da2cb77]" started-at="2024-05-04T23:45:42 EEST" name="executeLoginTest" finished-at="2024-05-04T23:45:42 EEST" duration-ms="297" status="PASS">
          <reporter-output>
          </reporter-output>
        </test-method> <!-- executeLoginTest -->
        <test-method is-config="true" signature="tearDown()[pri:0, instance:com.test.LoginTest@1da2cb77]" started-at="2024-05-04T23:45:42 EEST" name="tearDown" finished-at="2024-05-04T23:45:42 EEST" duration-ms="216" status="PASS">
          <reporter-output>
          </reporter-output>
        </test-method> <!-- tearDown -->
      </class> <!-- com.test.LoginTest -->
    </test> <!-- Gradle test -->
  </suite> <!-- Gradle suite -->
</testng-results>
